<?xml version="1.0" encoding="UTF-8"?>
<testng-results ignored="0" total="2" passed="2" failed="0" skipped="0">
  <reporter-output>
  </reporter-output>
  <suite started-at="2020-05-15T20:49:38 CEST" name="Default suite" finished-at="2020-05-15T20:51:03 CEST" duration-ms="84669">
    <groups>
    </groups>
    <test started-at="2020-05-15T20:49:38 CEST" name="Default test" finished-at="2020-05-15T20:51:03 CEST" duration-ms="84669">
      <class name="tests.SetPriceTest">
        <test-method signature="f()[pri:0, instance:tests.SetPriceTest@7c469c48]" started-at="2020-05-15T20:49:38 CEST" name="f" finished-at="2020-05-15T20:49:38 CEST" duration-ms="10" status="PASS">
          <reporter-output>
          </reporter-output>
        </test-method> <!-- f -->
      </class> <!-- tests.SetPriceTest -->
      <class name="tests.AddProductTest">
        <test-method is-config="true" signature="setUp()[pri:0, instance:tests.AddProductTest@12e61fe6]" started-at="2020-05-15T20:49:38 CEST" name="setUp" finished-at="2020-05-15T20:49:56 CEST" duration-ms="17821" status="PASS">
          <reporter-output>
          </reporter-output>
        </test-method> <!-- setUp -->
        <test-method signature="test01_addProduct()[pri:0, instance:tests.AddProductTest@12e61fe6]" started-at="2020-05-15T20:49:56 CEST" name="test01_addProduct" finished-at="2020-05-15T20:51:03 CEST" duration-ms="66671" status="PASS">
          <reporter-output>
          </reporter-output>
        </test-method> <!-- test01_addProduct -->
        <test-method is-config="true" signature="tearDown()[pri:0, instance:tests.AddProductTest@12e61fe6]" started-at="2020-05-15T20:51:03 CEST" name="tearDown" finished-at="2020-05-15T20:51:03 CEST" duration-ms="104" status="PASS">
          <reporter-output>
          </reporter-output>
        </test-method> <!-- tearDown -->
      </class> <!-- tests.AddProductTest -->
    </test> <!-- Default test -->
  </suite> <!-- Default suite -->
</testng-results>
